\BOOKMARK [0][-]{Doc-Start}{Remerciements}{}% 1
\BOOKMARK [0][-]{Doc-Start}{Avant-propos}{}% 2
\BOOKMARK [0][-]{chapter.1}{Introduction}{}% 3
\BOOKMARK [1][-]{section.1.1}{Contexte \046 Enjeux}{chapter.1}% 4
\BOOKMARK [1][-]{section.1.2}{Objectifs}{chapter.1}% 5
\BOOKMARK [1][-]{section.1.3}{Plan}{chapter.1}% 6
\BOOKMARK [0][-]{chapter.2}{Pr\351sentation du laboratoire et de l'\351quipe}{}% 7
\BOOKMARK [1][-]{section.2.1}{SYNALP}{chapter.2}% 8
\BOOKMARK [1][-]{section.2.2}{LORIA}{chapter.2}% 9
\BOOKMARK [1][-]{section.2.3}{ITEA3/PAPUD}{chapter.2}% 10
\BOOKMARK [0][-]{chapter.3}{Projet}{}% 11
\BOOKMARK [1][-]{section.3.1}{Termes et concepts}{chapter.3}% 12
\BOOKMARK [1][-]{section.3.2}{short title}{chapter.3}% 13
\BOOKMARK [1][-]{section.3.3}{Autre section}{chapter.3}% 14
\BOOKMARK [0][-]{chapter.4}{Exemples Listings}{}% 15
\BOOKMARK [0][-]{chapter.5}{Conclusion}{}% 16
\BOOKMARK [0][-]{chapter.5}{Annexes}{}% 17
\BOOKMARK [0][-]{appendix*.4}{Bibliographie / Webographie}{}% 18
\BOOKMARK [0][-]{appendix*.5}{Liste des illustrations}{}% 19
\BOOKMARK [0][-]{appendix*.6}{Liste des tableaux}{}% 20
\BOOKMARK [0][-]{section*.8}{Entit\351s, Instituts et ???}{}% 21
\BOOKMARK [0][-]{section*.10}{Acronymes}{}% 22
\BOOKMARK [0][-]{section*.12}{Glossaire}{}% 23
\BOOKMARK [0][-]{appendix.A}{Rapports d'avancement du premier projet}{}% 24
\BOOKMARK [0][-]{appendix.B}{Rapports d'avancement du projet papud}{}% 25
\BOOKMARK [0][-]{appendix.C}{Copie de la convention de stage}{}% 26
\BOOKMARK [0][-]{appendix.D}{Copie de l'avenant \340 la convention de stage}{}% 27
